100 more games entered
100 more games entered
100 more games entered
100 more games entered
100 more games entered
100 more games entered
100 more games entered
100 more games entered
100 more games entered
100 more games entered
Season 1985-1986 done
100 more games entered
100 more games entered
100 more games entered
100 more games entered
100 more games entered
100 more games entered
100 more games entered
100 more games entered
100 more games entered
100 more games entered
Season 1986-1987 done
100 more games entered
100 more games entered
100 more games entered
100 more games entered
100 more games entered
100 more games entered
100 more games entered
100 more games entered
100 more games entered
100 more games entered
Season 1987-1988 done
100 more games entered
100 more games entered
100 more games entered
100 more games entered
100 more games entered
100 more games entered
100 more games entered
100 more games entered
100 more games entered
100 more games entered
100 more games entered
Season 1988-1989 done
Something bad happened with Mike Mitchell
Something bad happened with Mike Mitchell
100 more games entered
100 more games entered
100 more games entered
100 more games entered
100 more games entered
100 more games entered
100 more games entered
100 more games entered
100 more games entered
100 more games entered
100 more games entered
Season 1989-1990 done
Something bad happened with Larry Krystkowiak
Something bad happened with Larry Krystkowiak
100 more games entered
100 more games entered
100 more games entered
100 more games entered
100 more games entered
100 more games entered
100 more games entered
100 more games entered
100 more games entered
100 more games entered
100 more games entered
100 more games entered
Season 1990-1991 done
100 more games entered
100 more games entered
100 more games entered
100 more games entered
100 more games entered
100 more games entered
100 more games entered
100 more games entered
100 more games entered
100 more games entered
100 more games entered
100 more games entered
Season 1991-1992 done
100 more games entered
100 more games entered
100 more games entered
100 more games entered
100 more games entered
100 more games entered
100 more games entered
100 more games entered
100 more games entered
100 more games entered
100 more games entered
Season 1992-1993 done
100 more games entered
100 more games entered
100 more games entered
100 more games entered
100 more games entered
100 more games entered
100 more games entered
100 more games entered
100 more games entered
100 more games entered
100 more games entered
100 more games entered
Season 1993-1994 done
100 more games entered
100 more games entered
100 more games entered
100 more games entered
100 more games entered
100 more games entered
100 more games entered
100 more games entered
100 more games entered
100 more games entered
100 more games entered
100 more games entered
Season 1994-1995 done
100 more games entered
100 more games entered
100 more games entered
100 more games entered
100 more games entered
100 more games entered
100 more games entered
100 more games entered
100 more games entered
100 more games entered
100 more games entered
100 more games entered
Season 1995-1996 done
100 more games entered
100 more games entered
100 more games entered
100 more games entered
100 more games entered
100 more games entered
100 more games entered
100 more games entered
100 more games entered
100 more games entered
100 more games entered
100 more games entered
100 more games entered
Season 1996-1997 done
Something bad happened with Mike Brown
Something bad happened with Mike Brown
100 more games entered
100 more games entered
100 more games entered
100 more games entered
100 more games entered
100 more games entered
100 more games entered
100 more games entered
100 more games entered
100 more games entered
100 more games entered
100 more games entered
100 more games entered
Season 1997-1998 done
100 more games entered
100 more games entered
100 more games entered
100 more games entered
100 more games entered
100 more games entered
100 more games entered
Season 1998-1999 done
100 more games entered
100 more games entered
100 more games entered
100 more games entered
100 more games entered
100 more games entered
100 more games entered
100 more games entered
100 more games entered
100 more games entered
100 more games entered
100 more games entered
100 more games entered
Season 1999-2000 done
100 more games entered
100 more games entered
100 more games entered
100 more games entered
100 more games entered
100 more games entered
100 more games entered
100 more games entered
100 more games entered
100 more games entered
100 more games entered
100 more games entered
Season 2000-2001 done
100 more games entered
100 more games entered
100 more games entered
100 more games entered
100 more games entered
100 more games entered
100 more games entered
100 more games entered
100 more games entered
100 more games entered
100 more games entered
100 more games entered
100 more games entered
Season 2001-2002 done
100 more games entered
100 more games entered
100 more games entered
100 more games entered
100 more games entered
100 more games entered
100 more games entered
100 more games entered
100 more games entered
100 more games entered
100 more games entered
100 more games entered
100 more games entered
Season 2002-2003 done
100 more games entered
100 more games entered
100 more games entered
100 more games entered
100 more games entered
100 more games entered
100 more games entered
100 more games entered
100 more games entered
100 more games entered
100 more games entered
100 more games entered
Season 2003-2004 done
100 more games entered
100 more games entered
100 more games entered
100 more games entered
100 more games entered
100 more games entered
100 more games entered
100 more games entered
100 more games entered
100 more games entered
100 more games entered
100 more games entered
100 more games entered
Season 2004-2005 done
100 more games entered
100 more games entered
100 more games entered
100 more games entered
100 more games entered
100 more games entered
100 more games entered
100 more games entered
100 more games entered
100 more games entered
100 more games entered
100 more games entered
100 more games entered
Season 2005-2006 done
100 more games entered
100 more games entered
100 more games entered
100 more games entered
100 more games entered
100 more games entered
100 more games entered
100 more games entered
100 more games entered
100 more games entered
100 more games entered
100 more games entered
100 more games entered
Season 2006-2007 done
100 more games entered
100 more games entered
100 more games entered
100 more games entered
100 more games entered
100 more games entered
100 more games entered
100 more games entered
100 more games entered
100 more games entered
100 more games entered
100 more games entered
100 more games entered
100 more games entered
Season 2007-2008 done
100 more games entered
100 more games entered
100 more games entered
100 more games entered
100 more games entered
100 more games entered
100 more games entered
100 more games entered
100 more games entered
100 more games entered
100 more games entered
100 more games entered
100 more games entered
Season 2008-2009 done
100 more games entered
100 more games entered
100 more games entered
100 more games entered
100 more games entered
100 more games entered
100 more games entered
100 more games entered
100 more games entered
100 more games entered
100 more games entered
100 more games entered
100 more games entered
Season 2009-2010 done
100 more games entered
100 more games entered
100 more games entered
100 more games entered
100 more games entered
100 more games entered
100 more games entered
100 more games entered
100 more games entered
100 more games entered
100 more games entered
100 more games entered
100 more games entered
Season 2010-2011 done
100 more games entered
100 more games entered
100 more games entered
100 more games entered
100 more games entered
100 more games entered
100 more games entered
100 more games entered
100 more games entered
100 more games entered
Season 2011-2012 done
Something bad happened with Tracy McGrady
Something bad happened with Tracy McGrady
Something bad happened with Scott Machado
Something bad happened with Dwayne Jones
Something bad happened with Scott Machado
Something bad happened with Dwayne Jones
100 more games entered
100 more games entered
100 more games entered
100 more games entered
100 more games entered
100 more games entered
100 more games entered
100 more games entered
100 more games entered
100 more games entered
100 more games entered
100 more games entered
100 more games entered
Season 2012-2013 done
100 more games entered
100 more games entered
100 more games entered
100 more games entered
100 more games entered
100 more games entered
100 more games entered
100 more games entered
100 more games entered
100 more games entered
100 more games entered
100 more games entered
100 more games entered
100 more games entered
Season 2013-2014 done
